<!DOCTYPE html PUBLIC "-//W3C//DTD XHTML 1.1//EN" "http://www.w3.org/TR/xhtml11/DTD/xhtml11.dtd">
<html xmlns="http://www.w3.org/1999/xhtml"><head><title>TestNG Report</title><style type="text/css">table {margin-bottom:10px;border-collapse:collapse;empty-cells:show}th,td {border:1px solid #009;padding:.25em .5em}th {vertical-align:bottom}td {vertical-align:top}table a {font-weight:bold}.stripe td {background-color: #E6EBF9}.num {text-align:right}.passedodd td {background-color: #3F3}.passedeven td {background-color: #0A0}.skippedodd td {background-color: #DDD}.skippedeven td {background-color: #CCC}.failedodd td,.attn {background-color: #F33}.failedeven td,.stripe .attn {background-color: #D00}.stacktrace {white-space:pre;font-family:monospace}.totop {font-size:85%;text-align:center;border-bottom:2px solid #000}</style></head><body><table><tr><th>Test</th><th># Passed</th><th># Skipped</th><th># Failed</th><th>Time (ms)</th><th>Included Groups</th><th>Excluded Groups</th></tr><tr><th colspan="7">AllTests</th></tr><tr><td><a href="#t0">DC to DC Hub and Spoke Order completion</a></td><td class="num">3</td><td class="num">0</td><td class="num attn">1</td><td class="num">492,730</td><td></td><td></td></tr></table><table><thead><tr><th>Class</th><th>Method</th><th>Start</th><th>Time (ms)</th></tr></thead><tbody><tr><th colspan="4">AllTests</th></tr></tbody><tbody id="t0"><tr><th colspan="4">DC to DC Hub and Spoke Order completion &#8212; failed</th></tr><tr class="failedeven"><td rowspan="1">Testscript.CreateHubOrder</td><td><a href="#m0">HubCreateAndProcess</a></td><td rowspan="1">1540392044648</td><td rowspan="1">453519</td></tr><tr><th colspan="4">DC to DC Hub and Spoke Order completion &#8212; passed</th></tr><tr class="passedeven"><td rowspan="2">Testscript.AccountNavigation</td><td><a href="#m1">NavigatetoAccount</a></td><td rowspan="1">1540392028308</td><td rowspan="1">13853</td></tr><tr class="passedeven"><td><a href="#m2">NavigatetoDocument</a></td><td rowspan="1">1540392025979</td><td rowspan="1">2328</td></tr><tr class="passedodd"><td rowspan="1">Testscript.Login</td><td><a href="#m3">LoginonNetCreacker</a></td><td rowspan="1">1540392009944</td><td rowspan="1">16025</td></tr></tbody></table><h2>DC to DC Hub and Spoke Order completion</h2><h3 id="m0">Testscript.CreateHubOrder#HubCreateAndProcess</h3><table class="result"><tr class="param"><th>Parameter #1</th></tr><tr class="param stripe"><td>[Hub Product, 810241004, 870241004, Hub &amp; Spoke, 241004, ETHERNET HUB, 1 Gbps, , Ethernet over NGN, Colt Fibre, FRA99903/092, 43, Existing Colt Cabinet, AR10.BLB, GigabitEthernet0/0/0/37, , , , Ethernet Connection Product, 810241004, Hub &amp; Spoke, 241004, ETHERNET SPOKE, 1 Gbps, VLAN Port (existing), Translation, 508, Ethernet over NGN, Colt Fibre, FRA99903/092, Physical Port, AR10.BLB, GigabitEthernet0/0/0/43, , , , 1, 2, null, L2PE to L2PE, Yes]</td></tr><tr><th>Exception</th></tr><tr><td><div class="stacktrace">org.openqa.selenium.TimeoutException: Expected condition failed: waiting for Driver.DriverHelper$3@1850bb7 (tried for 120 second(s) with 5 SECONDS interval)
	at org.openqa.selenium.support.ui.FluentWait.timeoutException(FluentWait.java:264)
	at org.openqa.selenium.support.ui.FluentWait.until(FluentWait.java:232)
	at Driver.DriverHelper.getwebelement(DriverHelper.java:78)
	at ScriptHelper.NewHubOrderHelper.ProcessHubOrder(NewHubOrderHelper.java:159)
	at Testscript.CreateHubOrder.HubCreateAndProcess(CreateHubOrder.java:36)
Caused by: org.openqa.selenium.NoSuchElementException: no such element: Unable to locate element: {&quot;method&quot;:&quot;xpath&quot;,&quot;selector&quot;:&quot;//a[text()=&apos;Errors&apos;]&quot;}
  (Session info: chrome=69.0.3497.100)
  (Driver info: chromedriver=2.40.565498 (ea082db3280dd6843ebfb08a625e3eb905c4f5ab),platform=Windows NT 6.1.7601 SP1 x86_64) (WARNING: The server did not provide any stacktrace information)
Command duration or timeout: 13 milliseconds
For documentation on this error, please visit: http://seleniumhq.org/exceptions/no_such_element.html
Build info: version: &apos;3.4.0&apos;, revision: &apos;unknown&apos;, time: &apos;unknown&apos;
System info: host: &apos;ULVMCTMUFT103&apos;, ip: &apos;10.100.19.192&apos;, os.name: &apos;Windows Server 2008 R2&apos;, os.arch: &apos;x86&apos;, os.version: &apos;6.1&apos;, java.version: &apos;1.8.0_111&apos;
Driver info: org.openqa.selenium.chrome.ChromeDriver
Capabilities [{applicationCacheEnabled=false, rotatable=false, mobileEmulationEnabled=false, networkConnectionEnabled=false, chrome={chromedriverVersion=2.40.565498 (ea082db3280dd6843ebfb08a625e3eb905c4f5ab), userDataDir=C:\Users\GPARTH~1\AppData\Local\Temp\2\scoped_dir32568_16269}, takesHeapSnapshot=true, pageLoadStrategy=none, databaseEnabled=false, handlesAlerts=true, hasTouchScreen=false, version=69.0.3497.100, platform=XP, browserConnectionEnabled=false, nativeEvents=true, acceptSslCerts=false, acceptInsecureCerts=false, locationContextEnabled=true, webStorageEnabled=true, browserName=chrome, takesScreenshot=true, javascriptEnabled=true, cssSelectorsEnabled=true, setWindowRect=true, unexpectedAlertBehaviour=}]
Session ID: 02535a83bca0e43d14e0da23ce3b5077
*** Element info: {Using=xpath, value=//a[text()=&apos;Errors&apos;]}
	at org.openqa.selenium.remote.ErrorHandler.createThrowable(ErrorHandler.java:215)
	at org.openqa.selenium.remote.ErrorHandler.throwIfResponseFailed(ErrorHandler.java:167)
	at org.openqa.selenium.remote.RemoteWebDriver.execute(RemoteWebDriver.java:671)
	at org.openqa.selenium.remote.RemoteWebDriver.findElement(RemoteWebDriver.java:410)
	at org.openqa.selenium.remote.RemoteWebDriver.findElementByXPath(RemoteWebDriver.java:509)
	at org.openqa.selenium.By$ByXPath.findElement(By.java:361)
	at org.openqa.selenium.remote.RemoteWebDriver.findElement(RemoteWebDriver.java:402)
	at Driver.DriverHelper$3.apply(DriverHelper.java:80)
	at Driver.DriverHelper$3.apply(DriverHelper.java:1)
	at org.openqa.selenium.support.ui.FluentWait.until(FluentWait.java:209)
	... 27 more
... Removed 27 stack frames</div></td></tr></table><p class="totop"><a href="#summary">back to summary</a></p><h3 id="m1">Testscript.AccountNavigation#NavigatetoAccount</h3><table class="result"></table><p class="totop"><a href="#summary">back to summary</a></p><h3 id="m2">Testscript.AccountNavigation#NavigatetoDocument</h3><table class="result"></table><p class="totop"><a href="#summary">back to summary</a></p><h3 id="m3">Testscript.Login#LoginonNetCreacker</h3><table class="result"></table><p class="totop"><a href="#summary">back to summary</a></p></body></html>