<?xml version="1.0" encoding="UTF-8"?>
<testng-results skipped="0" failed="1" total="4" passed="3">
  <reporter-output>
  </reporter-output>
  <suite name="AllTests" duration-ms="492730" started-at="2018-10-24T14:40:06Z" finished-at="2018-10-24T14:48:18Z">
    <groups>
    </groups>
    <test name="DC to DC Hub and Spoke Order completion" duration-ms="492730" started-at="2018-10-24T14:40:06Z" finished-at="2018-10-24T14:48:18Z">
      <class name="Testscript.Login">
        <test-method status="PASS" signature="BeforeMethod(java.lang.reflect.Method, org.testng.ITestContext)[pri:0, instance:Testscript.Login@c0edeb]" name="BeforeMethod" is-config="true" duration-ms="1" started-at="2018-10-24T15:40:09Z" finished-at="2018-10-24T15:40:09Z">
          <params>
            <param index="0">
              <value>
                <![CDATA[public void Testscript.Login.LoginonNetCreacker() throws java.lang.Exception]]>
              </value>
            </param>
            <param index="1">
              <value>
                <![CDATA[org.testng.TestRunner@d88e31]]>
              </value>
            </param>
          </params>
          <reporter-output>
          </reporter-output>
        </test-method> <!-- BeforeMethod -->
        <test-method status="PASS" signature="LoginonNetCreacker()[pri:0, instance:Testscript.Login@c0edeb]" name="LoginonNetCreacker" duration-ms="16025" started-at="2018-10-24T15:40:09Z" finished-at="2018-10-24T15:40:25Z">
          <reporter-output>
          </reporter-output>
        </test-method> <!-- LoginonNetCreacker -->
      </class> <!-- Testscript.Login -->
      <class name="Testscript.CreateHubOrder">
        <test-method status="PASS" signature="BeforeMethod(java.lang.reflect.Method, org.testng.ITestContext)[pri:0, instance:Testscript.CreateHubOrder@23a2f9]" name="BeforeMethod" is-config="true" duration-ms="618" started-at="2018-10-24T15:40:44Z" finished-at="2018-10-24T15:40:44Z">
          <params>
            <param index="0">
              <value>
                <![CDATA[public void Testscript.CreateHubOrder.HubCreateAndProcess(java.lang.Object[]) throws java.lang.Exception]]>
              </value>
            </param>
            <param index="1">
              <value>
                <![CDATA[org.testng.TestRunner@d88e31]]>
              </value>
            </param>
          </params>
          <reporter-output>
          </reporter-output>
        </test-method> <!-- BeforeMethod -->
        <test-method status="FAIL" signature="HubCreateAndProcess([Ljava.lang.Object;)[pri:0, instance:Testscript.CreateHubOrder@23a2f9]" name="HubCreateAndProcess" duration-ms="453519" started-at="2018-10-24T15:40:44Z" data-provider="HubAndSpokeNewOrder" finished-at="2018-10-24T15:48:18Z">
          <params>
            <param index="0">
              <value>
                <![CDATA[[Ljava.lang.Object;@12b4303]]>
              </value>
            </param>
          </params>
          <exception class="org.openqa.selenium.TimeoutException">
            <message>
              <![CDATA[Expected condition failed: waiting for Driver.DriverHelper$3@1850bb7 (tried for 120 second(s) with 5 SECONDS interval)]]>
            </message>
            <full-stacktrace>
              <![CDATA[org.openqa.selenium.TimeoutException: Expected condition failed: waiting for Driver.DriverHelper$3@1850bb7 (tried for 120 second(s) with 5 SECONDS interval)
	at org.openqa.selenium.support.ui.FluentWait.timeoutException(FluentWait.java:264)
	at org.openqa.selenium.support.ui.FluentWait.until(FluentWait.java:232)
	at Driver.DriverHelper.getwebelement(DriverHelper.java:78)
	at ScriptHelper.NewHubOrderHelper.ProcessHubOrder(NewHubOrderHelper.java:159)
	at Testscript.CreateHubOrder.HubCreateAndProcess(CreateHubOrder.java:36)
	at sun.reflect.NativeMethodAccessorImpl.invoke0(Native Method)
	at sun.reflect.NativeMethodAccessorImpl.invoke(Unknown Source)
	at sun.reflect.DelegatingMethodAccessorImpl.invoke(Unknown Source)
	at java.lang.reflect.Method.invoke(Unknown Source)
	at org.testng.internal.MethodInvocationHelper.invokeMethod(MethodInvocationHelper.java:84)
	at org.testng.internal.Invoker.invokeMethod(Invoker.java:714)
	at org.testng.internal.Invoker.invokeTestMethod(Invoker.java:901)
	at org.testng.internal.Invoker.invokeTestMethods(Invoker.java:1231)
	at org.testng.internal.TestMethodWorker.invokeTestMethods(TestMethodWorker.java:127)
	at org.testng.internal.TestMethodWorker.run(TestMethodWorker.java:111)
	at org.testng.TestRunner.privateRun(TestRunner.java:767)
	at org.testng.TestRunner.run(TestRunner.java:617)
	at org.testng.SuiteRunner.runTest(SuiteRunner.java:334)
	at org.testng.SuiteRunner.runSequentially(SuiteRunner.java:329)
	at org.testng.SuiteRunner.privateRun(SuiteRunner.java:291)
	at org.testng.SuiteRunner.run(SuiteRunner.java:240)
	at org.testng.SuiteRunnerWorker.runSuite(SuiteRunnerWorker.java:52)
	at org.testng.SuiteRunnerWorker.run(SuiteRunnerWorker.java:86)
	at org.testng.TestNG.runSuitesSequentially(TestNG.java:1224)
	at org.testng.TestNG.runSuitesLocally(TestNG.java:1149)
	at org.testng.TestNG.run(TestNG.java:1057)
	at org.testng.remote.AbstractRemoteTestNG.run(AbstractRemoteTestNG.java:126)
	at org.testng.remote.RemoteTestNG.initAndRun(RemoteTestNG.java:137)
	at org.testng.remote.RemoteTestNG.main(RemoteTestNG.java:58)
Caused by: org.openqa.selenium.NoSuchElementException: no such element: Unable to locate element: {"method":"xpath","selector":"//a[text()='Errors']"}
  (Session info: chrome=69.0.3497.100)
  (Driver info: chromedriver=2.40.565498 (ea082db3280dd6843ebfb08a625e3eb905c4f5ab),platform=Windows NT 6.1.7601 SP1 x86_64) (WARNING: The server did not provide any stacktrace information)
Command duration or timeout: 13 milliseconds
For documentation on this error, please visit: http://seleniumhq.org/exceptions/no_such_element.html
Build info: version: '3.4.0', revision: 'unknown', time: 'unknown'
System info: host: 'ULVMCTMUFT103', ip: '10.100.19.192', os.name: 'Windows Server 2008 R2', os.arch: 'x86', os.version: '6.1', java.version: '1.8.0_111'
Driver info: org.openqa.selenium.chrome.ChromeDriver
Capabilities [{applicationCacheEnabled=false, rotatable=false, mobileEmulationEnabled=false, networkConnectionEnabled=false, chrome={chromedriverVersion=2.40.565498 (ea082db3280dd6843ebfb08a625e3eb905c4f5ab), userDataDir=C:\Users\GPARTH~1\AppData\Local\Temp\2\scoped_dir32568_16269}, takesHeapSnapshot=true, pageLoadStrategy=none, databaseEnabled=false, handlesAlerts=true, hasTouchScreen=false, version=69.0.3497.100, platform=XP, browserConnectionEnabled=false, nativeEvents=true, acceptSslCerts=false, acceptInsecureCerts=false, locationContextEnabled=true, webStorageEnabled=true, browserName=chrome, takesScreenshot=true, javascriptEnabled=true, cssSelectorsEnabled=true, setWindowRect=true, unexpectedAlertBehaviour=}]
Session ID: 02535a83bca0e43d14e0da23ce3b5077
*** Element info: {Using=xpath, value=//a[text()='Errors']}
	at sun.reflect.GeneratedConstructorAccessor26.newInstance(Unknown Source)
	at sun.reflect.DelegatingConstructorAccessorImpl.newInstance(Unknown Source)
	at java.lang.reflect.Constructor.newInstance(Unknown Source)
	at org.openqa.selenium.remote.ErrorHandler.createThrowable(ErrorHandler.java:215)
	at org.openqa.selenium.remote.ErrorHandler.throwIfResponseFailed(ErrorHandler.java:167)
	at org.openqa.selenium.remote.RemoteWebDriver.execute(RemoteWebDriver.java:671)
	at org.openqa.selenium.remote.RemoteWebDriver.findElement(RemoteWebDriver.java:410)
	at org.openqa.selenium.remote.RemoteWebDriver.findElementByXPath(RemoteWebDriver.java:509)
	at org.openqa.selenium.By$ByXPath.findElement(By.java:361)
	at org.openqa.selenium.remote.RemoteWebDriver.findElement(RemoteWebDriver.java:402)
	at Driver.DriverHelper$3.apply(DriverHelper.java:80)
	at Driver.DriverHelper$3.apply(DriverHelper.java:1)
	at org.openqa.selenium.support.ui.FluentWait.until(FluentWait.java:209)
	... 27 more
]]>
            </full-stacktrace>
          </exception> <!-- org.openqa.selenium.TimeoutException -->
          <reporter-output>
          </reporter-output>
        </test-method> <!-- HubCreateAndProcess -->
      </class> <!-- Testscript.CreateHubOrder -->
      <class name="Testscript.AccountNavigation">
        <test-method status="PASS" signature="BeforeSuite()[pri:0, instance:Testscript.AccountNavigation@1c7cbad]" name="BeforeSuite" is-config="true" duration-ms="13" started-at="2018-10-24T15:40:06Z" finished-at="2018-10-24T15:40:06Z">
          <reporter-output>
          </reporter-output>
        </test-method> <!-- BeforeSuite -->
        <test-method status="PASS" signature="setup()[pri:0, instance:Testscript.AccountNavigation@1c7cbad]" name="setup" is-config="true" duration-ms="3893" started-at="2018-10-24T15:40:06Z" finished-at="2018-10-24T15:40:09Z">
          <reporter-output>
          </reporter-output>
        </test-method> <!-- setup -->
        <test-method status="PASS" signature="BeforeMethod(java.lang.reflect.Method, org.testng.ITestContext)[pri:0, instance:Testscript.AccountNavigation@1c7cbad]" name="BeforeMethod" is-config="true" duration-ms="1" started-at="2018-10-24T15:40:25Z" finished-at="2018-10-24T15:40:25Z">
          <params>
            <param index="0">
              <value>
                <![CDATA[public void Testscript.AccountNavigation.NavigatetoDocument() throws java.lang.Exception]]>
              </value>
            </param>
            <param index="1">
              <value>
                <![CDATA[org.testng.TestRunner@d88e31]]>
              </value>
            </param>
          </params>
          <reporter-output>
          </reporter-output>
        </test-method> <!-- BeforeMethod -->
        <test-method status="PASS" signature="NavigatetoDocument()[pri:0, instance:Testscript.AccountNavigation@1c7cbad]" name="NavigatetoDocument" duration-ms="2328" started-at="2018-10-24T15:40:25Z" finished-at="2018-10-24T15:40:28Z">
          <reporter-output>
          </reporter-output>
        </test-method> <!-- NavigatetoDocument -->
        <test-method status="PASS" signature="BeforeMethod(java.lang.reflect.Method, org.testng.ITestContext)[pri:0, instance:Testscript.AccountNavigation@1c7cbad]" name="BeforeMethod" is-config="true" duration-ms="0" started-at="2018-10-24T15:40:28Z" finished-at="2018-10-24T15:40:28Z">
          <params>
            <param index="0">
              <value>
                <![CDATA[public void Testscript.AccountNavigation.NavigatetoAccount() throws java.lang.Exception]]>
              </value>
            </param>
            <param index="1">
              <value>
                <![CDATA[org.testng.TestRunner@d88e31]]>
              </value>
            </param>
          </params>
          <reporter-output>
          </reporter-output>
        </test-method> <!-- BeforeMethod -->
        <test-method status="PASS" signature="NavigatetoAccount()[pri:0, instance:Testscript.AccountNavigation@1c7cbad]" name="NavigatetoAccount" duration-ms="13853" started-at="2018-10-24T15:40:28Z" finished-at="2018-10-24T15:40:42Z">
          <reporter-output>
          </reporter-output>
        </test-method> <!-- NavigatetoAccount -->
        <test-method status="PASS" signature="Teardown()[pri:0, instance:Testscript.AccountNavigation@1c7cbad]" name="Teardown" is-config="true" duration-ms="0" started-at="2018-10-24T15:48:18Z" finished-at="2018-10-24T15:48:18Z">
          <reporter-output>
          </reporter-output>
        </test-method> <!-- Teardown -->
      </class> <!-- Testscript.AccountNavigation -->
    </test> <!-- DC to DC Hub and Spoke Order completion -->
  </suite> <!-- AllTests -->
</testng-results>
